<html>
<head>
<title>TestNG:  Surefire test</title>
<link href="../testng.css" rel="stylesheet" type="text/css" />
<link href="../my-testng.css" rel="stylesheet" type="text/css" />

<style type="text/css">
.log { display: none;} 
.stack-trace { display: none;} 
</style>
<script type="text/javascript">
<!--
function flip(e) {
  current = e.style.display;
  if (current == 'block') {
    e.style.display = 'none';
    return 0;
  }
  else {
    e.style.display = 'block';
    return 1;
  }
}

function toggleBox(szDivId, elem, msg1, msg2)
{
  var res = -1;  if (document.getElementById) {
    res = flip(document.getElementById(szDivId));
  }
  else if (document.all) {
    // this is the way old msie versions work
    res = flip(document.all[szDivId]);
  }
  if(elem) {
    if(res == 0) elem.innerHTML = msg1; else elem.innerHTML = msg2;
  }

}

function toggleAllBoxes() {
  if (document.getElementsByTagName) {
    d = document.getElementsByTagName('div');
    for (i = 0; i < d.length; i++) {
      if (d[i].className == 'log') {
        flip(d[i]);
      }
    }
  }
}

// -->
</script>

</head>
<body>
<h2 align='center'>Surefire test</h2><table border='1' align="center">
<tr>
<td>Tests passed/Failed/Skipped:</td><td>22/5/0</td>
</tr><tr>
<td>Started on:</td><td>Tue Jul 19 00:13:15 EET 2022</td>
</tr>
<tr><td>Total time:</td><td>300 seconds (300870 ms)</td>
</tr><tr>
<td>Included groups:</td><td></td>
</tr><tr>
<td>Excluded groups:</td><td></td>
</tr>
</table><p/>
<small><i>(Hover the method name to see the test class name)</i></small><p/>
<table width='100%' border='1' class='invocation-failed'>
<tr><td colspan='4' align='center'><b>FAILED TESTS</b></td></tr>
<tr><td><b>Test method</b></td>
<td width="30%"><b>Exception</b></td>
<td width="10%"><b>Time (seconds)</b></td>
<td><b>Instance</b></td>
</tr>
<tr>
<td title='org.example.TestRunner.Runner.runScenario()'><b>runScenario</b><br>Test class: org.example.TestRunner.Runner<br>Test method: Runs Cucumber Scenarios<br>Parameters: "user Select Any tag successfully", "user can selectAny tags in Category"</td>
<td><div><pre>java.lang.AssertionError: The following asserts failed:
	expected [true] but found [false],
	expected [true] but found [false]
	at org.example.Steps.S08_SelectTags.CheckTagResult(S08_SelectTags.java:56)
	at ?.nice Selected Successfully(file:///D:/Udacity/FinalNopEcommerceProject/demonopcommerce/src/main/resources/Features/F08_SelectTags.feature:13)
... Removed 2 stack frames</pre></div><a href='#' onClick='toggleBox("stack-trace1475395523", this, "Click to show all stack frames", "Click to hide stack frames")'>Click to show all stack frames</a>
<div class='stack-trace' id='stack-trace1475395523'><pre>java.lang.AssertionError: The following asserts failed:
	expected [true] but found [false],
	expected [true] but found [false]
	at org.testng.asserts.SoftAssert.assertAll(SoftAssert.java:46)
	at org.testng.asserts.SoftAssert.assertAll(SoftAssert.java:30)
	at org.example.Steps.S08_SelectTags.CheckTagResult(S08_SelectTags.java:56)
	at ?.nice Selected Successfully(file:///D:/Udacity/FinalNopEcommerceProject/demonopcommerce/src/main/resources/Features/F08_SelectTags.feature:13)
</pre></div></td>
<td>13</td>
<td>org.example.TestRunner.Runner@46daef40</td></tr>
<tr>
<td title='org.example.TestRunner.Runner.runScenario()'><b>runScenario</b><br>Test class: org.example.TestRunner.Runner<br>Test method: Runs Cucumber Scenarios<br>Parameters: "user complete process to check out (Happy Scenario)", "user complete His purchase successfully"</td>
<td><div><pre>java.lang.AssertionError: expected [true] but found [false]
	at org.example.Steps.S13_CreateSuccessfulOrder.CheckPAyinfo(S13_CreateSuccessfulOrder.java:89)
	at ?.Check payment info url(file:///D:/Udacity/FinalNopEcommerceProject/demonopcommerce/src/main/resources/Features/F13_CreateSuccessfulOrder.feature:23)
... Removed 4 stack frames</pre></div><a href='#' onClick='toggleBox("stack-trace1428171686", this, "Click to show all stack frames", "Click to hide stack frames")'>Click to show all stack frames</a>
<div class='stack-trace' id='stack-trace1428171686'><pre>java.lang.AssertionError: expected [true] but found [false]
	at org.testng.Assert.fail(Assert.java:110)
	at org.testng.Assert.failNotEquals(Assert.java:1413)
	at org.testng.Assert.assertTrue(Assert.java:56)
	at org.testng.Assert.assertTrue(Assert.java:66)
	at org.example.Steps.S13_CreateSuccessfulOrder.CheckPAyinfo(S13_CreateSuccessfulOrder.java:89)
	at ?.Check payment info url(file:///D:/Udacity/FinalNopEcommerceProject/demonopcommerce/src/main/resources/Features/F13_CreateSuccessfulOrder.feature:23)
</pre></div></td>
<td>21</td>
<td>org.example.TestRunner.Runner@46daef40</td></tr>
<tr>
<td title='org.example.TestRunner.Runner.runScenario()'><b>runScenario</b><br>Test class: org.example.TestRunner.Runner<br>Test method: Runs Cucumber Scenarios<br>Parameters: "opening Links (HappyScenario)", "user can open any link"</td>
<td><div><pre>org.openqa.selenium.StaleElementReferenceException: stale element reference: element is not attached to the page document
  (Session info: chrome=103.0.5060.114)
For documentation on this error, please visit: https://selenium.dev/exceptions/#stale_element_reference
Build info: version: &apos;4.3.0&apos;, revision: &apos;a4995e2c09*&apos;
System info: host: &apos;DESKTOP-7D1MDG2&apos;, ip: &apos;192.168.1.13&apos;, os.name: &apos;Windows 11&apos;, os.arch: &apos;amd64&apos;, os.version: &apos;10.0&apos;, java.version: &apos;1.8.0_333&apos;
Driver info: org.openqa.selenium.chrome.ChromeDriver
Command: [c931277151f66cb55ab336a9929d7ce4, getElementText {id=d1d34f55-4767-4fa1-a238-0899fbbaa65b}]
Capabilities {acceptInsecureCerts: false, browserName: chrome, browserVersion: 103.0.5060.114, chrome: {chromedriverVersion: 103.0.5060.53 (a1711811edd7..., userDataDir: C:\Users\AHMEDN~1\AppData\L...}, goog:chromeOptions: {debuggerAddress: localhost:56701}, networkConnectionEnabled: false, pageLoadStrategy: normal, platformName: WINDOWS, proxy: Proxy(), se:cdp: ws://localhost:56701/devtoo..., se:cdpVersion: 103.0.5060.114, setWindowRect: true, strictFileInteractability: false, timeouts: {implicit: 0, pageLoad: 300000, script: 30000}, unhandledPromptBehavior: dismiss and notify, webauthn:extension:credBlob: true, webauthn:extension:largeBlob: true, webauthn:virtualAuthenticators: true}
Element: [[[[ChromeDriver: chrome on WINDOWS (c931277151f66cb55ab336a9929d7ce4)] -&gt; class name: networks]] -&gt; tag name: li]
Session ID: c931277151f66cb55ab336a9929d7ce4
	at org.openqa.selenium.remote.codec.w3c.W3CHttpResponseCodec.createException(W3CHttpResponseCodec.java:200)
	at org.openqa.selenium.remote.codec.w3c.W3CHttpResponseCodec.decode(W3CHttpResponseCodec.java:133)
	at org.openqa.selenium.remote.codec.w3c.W3CHttpResponseCodec.decode(W3CHttpResponseCodec.java:53)
	at org.openqa.selenium.remote.HttpCommandExecutor.execute(HttpCommandExecutor.java:184)
	at org.openqa.selenium.remote.service.DriverCommandExecutor.invokeExecute(DriverCommandExecutor.java:167)
	at org.openqa.selenium.remote.service.DriverCommandExecutor.execute(DriverCommandExecutor.java:142)
	at org.openqa.selenium.remote.RemoteWebDriver.execute(RemoteWebDriver.java:569)
	at org.openqa.selenium.remote.RemoteWebElement.execute(RemoteWebElement.java:257)
	at org.openqa.selenium.remote.RemoteWebElement.getText(RemoteWebElement.java:207)
	at org.example.Steps.S14_FollowUs.OpenRssLink(S14_FollowUs.java:90)
	at ?.user CLick on &quot;https://demo.nopcommerce.com/new-online-store-is-open&quot; Link4(file:///D:/Udacity/FinalNopEcommerceProject/demonopcommerce/src/main/resources/Features/F14_FollowUs.feature:7)
... Removed 4 stack frames</pre></div><a href='#' onClick='toggleBox("stack-trace111281534", this, "Click to show all stack frames", "Click to hide stack frames")'>Click to show all stack frames</a>
<div class='stack-trace' id='stack-trace111281534'><pre>org.openqa.selenium.StaleElementReferenceException: stale element reference: element is not attached to the page document
  (Session info: chrome=103.0.5060.114)
For documentation on this error, please visit: https://selenium.dev/exceptions/#stale_element_reference
Build info: version: &apos;4.3.0&apos;, revision: &apos;a4995e2c09*&apos;
System info: host: &apos;DESKTOP-7D1MDG2&apos;, ip: &apos;192.168.1.13&apos;, os.name: &apos;Windows 11&apos;, os.arch: &apos;amd64&apos;, os.version: &apos;10.0&apos;, java.version: &apos;1.8.0_333&apos;
Driver info: org.openqa.selenium.chrome.ChromeDriver
Command: [c931277151f66cb55ab336a9929d7ce4, getElementText {id=d1d34f55-4767-4fa1-a238-0899fbbaa65b}]
Capabilities {acceptInsecureCerts: false, browserName: chrome, browserVersion: 103.0.5060.114, chrome: {chromedriverVersion: 103.0.5060.53 (a1711811edd7..., userDataDir: C:\Users\AHMEDN~1\AppData\L...}, goog:chromeOptions: {debuggerAddress: localhost:56701}, networkConnectionEnabled: false, pageLoadStrategy: normal, platformName: WINDOWS, proxy: Proxy(), se:cdp: ws://localhost:56701/devtoo..., se:cdpVersion: 103.0.5060.114, setWindowRect: true, strictFileInteractability: false, timeouts: {implicit: 0, pageLoad: 300000, script: 30000}, unhandledPromptBehavior: dismiss and notify, webauthn:extension:credBlob: true, webauthn:extension:largeBlob: true, webauthn:virtualAuthenticators: true}
Element: [[[[ChromeDriver: chrome on WINDOWS (c931277151f66cb55ab336a9929d7ce4)] -&gt; class name: networks]] -&gt; tag name: li]
Session ID: c931277151f66cb55ab336a9929d7ce4
	at sun.reflect.NativeConstructorAccessorImpl.newInstance0(Native Method)
	at sun.reflect.NativeConstructorAccessorImpl.newInstance(NativeConstructorAccessorImpl.java:62)
	at sun.reflect.DelegatingConstructorAccessorImpl.newInstance(DelegatingConstructorAccessorImpl.java:45)
	at java.lang.reflect.Constructor.newInstance(Constructor.java:423)
	at org.openqa.selenium.remote.codec.w3c.W3CHttpResponseCodec.createException(W3CHttpResponseCodec.java:200)
	at org.openqa.selenium.remote.codec.w3c.W3CHttpResponseCodec.decode(W3CHttpResponseCodec.java:133)
	at org.openqa.selenium.remote.codec.w3c.W3CHttpResponseCodec.decode(W3CHttpResponseCodec.java:53)
	at org.openqa.selenium.remote.HttpCommandExecutor.execute(HttpCommandExecutor.java:184)
	at org.openqa.selenium.remote.service.DriverCommandExecutor.invokeExecute(DriverCommandExecutor.java:167)
	at org.openqa.selenium.remote.service.DriverCommandExecutor.execute(DriverCommandExecutor.java:142)
	at org.openqa.selenium.remote.RemoteWebDriver.execute(RemoteWebDriver.java:569)
	at org.openqa.selenium.remote.RemoteWebElement.execute(RemoteWebElement.java:257)
	at org.openqa.selenium.remote.RemoteWebElement.getText(RemoteWebElement.java:207)
	at org.example.Steps.S14_FollowUs.OpenRssLink(S14_FollowUs.java:90)
	at ?.user CLick on &quot;https://demo.nopcommerce.com/new-online-store-is-open&quot; Link4(file:///D:/Udacity/FinalNopEcommerceProject/demonopcommerce/src/main/resources/Features/F14_FollowUs.feature:7)
</pre></div></td>
<td>33</td>
<td>org.example.TestRunner.Runner@46daef40</td></tr>
<tr>
<td title='org.example.TestRunner.Runner.runScenario()'><b>runScenario</b><br>Test class: org.example.TestRunner.Runner<br>Test method: Runs Cucumber Scenarios<br>Parameters: "Navigate to Pages of first Sliders", "Home Sliders Redirect to Specific pages"</td>
<td><div><pre>java.lang.AssertionError: expected [https://demo.nopcommerce.com/] but found [https://demo.nopcommerce.com/nokia-lumia-1020]
	at org.example.Steps.S15_HomeSliders.CheckFirstUrl(S15_HomeSliders.java:29)
	at ?.check the result of first url &quot;https://demo.nopcommerce.com/nokia-lumia-1020&quot;(file:///D:/Udacity/FinalNopEcommerceProject/demonopcommerce/src/main/resources/Features/F15_HomeSliders.feature:6)
... Removed 6 stack frames</pre></div><a href='#' onClick='toggleBox("stack-trace1303659291", this, "Click to show all stack frames", "Click to hide stack frames")'>Click to show all stack frames</a>
<div class='stack-trace' id='stack-trace1303659291'><pre>java.lang.AssertionError: expected [https://demo.nopcommerce.com/] but found [https://demo.nopcommerce.com/nokia-lumia-1020]
	at org.testng.Assert.fail(Assert.java:110)
	at org.testng.Assert.failNotEquals(Assert.java:1413)
	at org.testng.Assert.assertEqualsImpl(Assert.java:149)
	at org.testng.Assert.assertEquals(Assert.java:131)
	at org.testng.Assert.assertEquals(Assert.java:655)
	at org.testng.Assert.assertEquals(Assert.java:665)
	at org.example.Steps.S15_HomeSliders.CheckFirstUrl(S15_HomeSliders.java:29)
	at ?.check the result of first url &quot;https://demo.nopcommerce.com/nokia-lumia-1020&quot;(file:///D:/Udacity/FinalNopEcommerceProject/demonopcommerce/src/main/resources/Features/F15_HomeSliders.feature:6)
</pre></div></td>
<td>6</td>
<td>org.example.TestRunner.Runner@46daef40</td></tr>
<tr>
<td title='org.example.TestRunner.Runner.runScenario()'><b>runScenario</b><br>Test class: org.example.TestRunner.Runner<br>Test method: Runs Cucumber Scenarios<br>Parameters: "Navigate to Page of Second Sliders", "Home Sliders Redirect to Specific pages"</td>
<td><div><pre>org.openqa.selenium.TimeoutException: Expected condition failed: waiting for visibility of [[ChromeDriver: chrome on WINDOWS (d4a81aa3d1728651a708a09f61c39e90)] -&gt; xpath: //*[@id=&quot;nivo-slider&quot;]/a[2]] (tried for 10 second(s) with 500 milliseconds interval)
Build info: version: &apos;4.3.0&apos;, revision: &apos;a4995e2c09*&apos;
System info: host: &apos;DESKTOP-7D1MDG2&apos;, ip: &apos;192.168.1.13&apos;, os.name: &apos;Windows 11&apos;, os.arch: &apos;amd64&apos;, os.version: &apos;10.0&apos;, java.version: &apos;1.8.0_333&apos;
Driver info: org.openqa.selenium.chrome.ChromeDriver
Capabilities {acceptInsecureCerts: false, browserName: chrome, browserVersion: 103.0.5060.114, chrome: {chromedriverVersion: 103.0.5060.53 (a1711811edd7..., userDataDir: C:\Users\AHMEDN~1\AppData\L...}, goog:chromeOptions: {debuggerAddress: localhost:56814}, networkConnectionEnabled: false, pageLoadStrategy: normal, platformName: WINDOWS, proxy: Proxy(), se:cdp: ws://localhost:56814/devtoo..., se:cdpVersion: 103.0.5060.114, setWindowRect: true, strictFileInteractability: false, timeouts: {implicit: 0, pageLoad: 300000, script: 30000}, unhandledPromptBehavior: dismiss and notify, webauthn:extension:credBlob: true, webauthn:extension:largeBlob: true, webauthn:virtualAuthenticators: true}
Session ID: d4a81aa3d1728651a708a09f61c39e90
	at org.openqa.selenium.support.ui.WebDriverWait.timeoutException(WebDriverWait.java:87)
	at org.openqa.selenium.support.ui.FluentWait.until(FluentWait.java:231)
	at org.example.Steps.S15_HomeSliders.ClickOnSecondSlider(S15_HomeSliders.java:36)
	at ?.navigate to second url(file:///D:/Udacity/FinalNopEcommerceProject/demonopcommerce/src/main/resources/Features/F15_HomeSliders.feature:10)
</pre></div><a href='#' onClick='toggleBox("stack-trace349508554", this, "Click to show all stack frames", "Click to hide stack frames")'>Click to show all stack frames</a>
<div class='stack-trace' id='stack-trace349508554'><pre>org.openqa.selenium.TimeoutException: Expected condition failed: waiting for visibility of [[ChromeDriver: chrome on WINDOWS (d4a81aa3d1728651a708a09f61c39e90)] -&gt; xpath: //*[@id=&quot;nivo-slider&quot;]/a[2]] (tried for 10 second(s) with 500 milliseconds interval)
Build info: version: &apos;4.3.0&apos;, revision: &apos;a4995e2c09*&apos;
System info: host: &apos;DESKTOP-7D1MDG2&apos;, ip: &apos;192.168.1.13&apos;, os.name: &apos;Windows 11&apos;, os.arch: &apos;amd64&apos;, os.version: &apos;10.0&apos;, java.version: &apos;1.8.0_333&apos;
Driver info: org.openqa.selenium.chrome.ChromeDriver
Capabilities {acceptInsecureCerts: false, browserName: chrome, browserVersion: 103.0.5060.114, chrome: {chromedriverVersion: 103.0.5060.53 (a1711811edd7..., userDataDir: C:\Users\AHMEDN~1\AppData\L...}, goog:chromeOptions: {debuggerAddress: localhost:56814}, networkConnectionEnabled: false, pageLoadStrategy: normal, platformName: WINDOWS, proxy: Proxy(), se:cdp: ws://localhost:56814/devtoo..., se:cdpVersion: 103.0.5060.114, setWindowRect: true, strictFileInteractability: false, timeouts: {implicit: 0, pageLoad: 300000, script: 30000}, unhandledPromptBehavior: dismiss and notify, webauthn:extension:credBlob: true, webauthn:extension:largeBlob: true, webauthn:virtualAuthenticators: true}
Session ID: d4a81aa3d1728651a708a09f61c39e90
	at org.openqa.selenium.support.ui.WebDriverWait.timeoutException(WebDriverWait.java:87)
	at org.openqa.selenium.support.ui.FluentWait.until(FluentWait.java:231)
	at org.example.Steps.S15_HomeSliders.ClickOnSecondSlider(S15_HomeSliders.java:36)
	at ?.navigate to second url(file:///D:/Udacity/FinalNopEcommerceProject/demonopcommerce/src/main/resources/Features/F15_HomeSliders.feature:10)
</pre></div></td>
<td>13</td>
<td>org.example.TestRunner.Runner@46daef40</td></tr>
</table><p>
<table width='100%' border='1' class='invocation-passed'>
<tr><td colspan='4' align='center'><b>PASSED TESTS</b></td></tr>
<tr><td><b>Test method</b></td>
<td width="30%"><b>Exception</b></td>
<td width="10%"><b>Time (seconds)</b></td>
<td><b>Instance</b></td>
</tr>
<tr>
<td title='org.example.TestRunner.Runner.runScenario()'><b>runScenario</b><br>Test class: org.example.TestRunner.Runner<br>Test method: Runs Cucumber Scenarios<br>Parameters: "user can select categories with subcategories2", "user can select any category successfully"</td>
<td></td>
<td>10</td>
<td>org.example.TestRunner.Runner@46daef40</td></tr>
<tr>
<td title='org.example.TestRunner.Runner.runScenario()'><b>runScenario</b><br>Test class: org.example.TestRunner.Runner<br>Test method: Runs Cucumber Scenarios<br>Parameters: "user can select categories with subcategories3", "user can select any category successfully"</td>
<td></td>
<td>10</td>
<td>org.example.TestRunner.Runner@46daef40</td></tr>
<tr>
<td title='org.example.TestRunner.Runner.runScenario()'><b>runScenario</b><br>Test class: org.example.TestRunner.Runner<br>Test method: Runs Cucumber Scenarios<br>Parameters: "adding one item to cart from wishlist page", "Adding an item to cart from WishList page"</td>
<td></td>
<td>14</td>
<td>org.example.TestRunner.Runner@46daef40</td></tr>
<tr>
<td title='org.example.TestRunner.Runner.runScenario()'><b>runScenario</b><br>Test class: org.example.TestRunner.Runner<br>Test method: Runs Cucumber Scenarios<br>Parameters: "user Login in (Negative Scenario)", "Login Functionality"</td>
<td></td>
<td>4</td>
<td>org.example.TestRunner.Runner@46daef40</td></tr>
<tr>
<td title='org.example.TestRunner.Runner.runScenario()'><b>runScenario</b><br>Test class: org.example.TestRunner.Runner<br>Test method: Runs Cucumber Scenarios<br>Parameters: "user Login in (Happy Scenario)", "Login Functionality"</td>
<td></td>
<td>4</td>
<td>org.example.TestRunner.Runner@46daef40</td></tr>
<tr>
<td title='org.example.TestRunner.Runner.runScenario()'><b>runScenario</b><br>Test class: org.example.TestRunner.Runner<br>Test method: Runs Cucumber Scenarios<br>Parameters: "user Search for An (product Name)", "Check that user can search for any proudct"</td>
<td></td>
<td>5</td>
<td>org.example.TestRunner.Runner@46daef40</td></tr>
<tr>
<td title='org.example.TestRunner.Runner.runScenario()'><b>runScenario</b><br>Test class: org.example.TestRunner.Runner<br>Test method: Runs Cucumber Scenarios<br>Parameters: "user Search for An (product Name)", "Check that user can search for any proudct"</td>
<td></td>
<td>5</td>
<td>org.example.TestRunner.Runner@46daef40</td></tr>
<tr>
<td title='org.example.TestRunner.Runner.runScenario()'><b>runScenario</b><br>Test class: org.example.TestRunner.Runner<br>Test method: Runs Cucumber Scenarios<br>Parameters: "user can filter shoesCategory With Color", "Filtering categories with color"</td>
<td></td>
<td>12</td>
<td>org.example.TestRunner.Runner@46daef40</td></tr>
<tr>
<td title='org.example.TestRunner.Runner.runScenario()'><b>runScenario</b><br>Test class: org.example.TestRunner.Runner<br>Test method: Runs Cucumber Scenarios<br>Parameters: "user Add first item to wish list and check alert message", "user can add item to wish list successfully"</td>
<td></td>
<td>12</td>
<td>org.example.TestRunner.Runner@46daef40</td></tr>
<tr>
<td title='org.example.TestRunner.Runner.runScenario()'><b>runScenario</b><br>Test class: org.example.TestRunner.Runner<br>Test method: Runs Cucumber Scenarios<br>Parameters: "adding Two Different Products to Shopping Cart", "User Can Add Different Items To cart"</td>
<td></td>
<td>23</td>
<td>org.example.TestRunner.Runner@46daef40</td></tr>
<tr>
<td title='org.example.TestRunner.Runner.runScenario()'><b>runScenario</b><br>Test class: org.example.TestRunner.Runner<br>Test method: Runs Cucumber Scenarios<br>Parameters: "user Select Any tag successfully", "user can selectAny tags in Category"</td>
<td></td>
<td>12</td>
<td>org.example.TestRunner.Runner@46daef40</td></tr>
<tr>
<td title='org.example.TestRunner.Runner.runScenario()'><b>runScenario</b><br>Test class: org.example.TestRunner.Runner<br>Test method: Runs Cucumber Scenarios<br>Parameters: "user Search for An (Sku)", "Check that user can search for any proudct"</td>
<td></td>
<td>7</td>
<td>org.example.TestRunner.Runner@46daef40</td></tr>
<tr>
<td title='org.example.TestRunner.Runner.runScenario()'><b>runScenario</b><br>Test class: org.example.TestRunner.Runner<br>Test method: Runs Cucumber Scenarios<br>Parameters: "user can select categories with subcategories", "user can select any category successfully"</td>
<td></td>
<td>12</td>
<td>org.example.TestRunner.Runner@46daef40</td></tr>
<tr>
<td title='org.example.TestRunner.Runner.runScenario()'><b>runScenario</b><br>Test class: org.example.TestRunner.Runner<br>Test method: Runs Cucumber Scenarios<br>Parameters: "user Search for An (Sku)", "Check that user can search for any proudct"</td>
<td></td>
<td>7</td>
<td>org.example.TestRunner.Runner@46daef40</td></tr>
<tr>
<td title='org.example.TestRunner.Runner.runScenario()'><b>runScenario</b><br>Test class: org.example.TestRunner.Runner<br>Test method: Runs Cucumber Scenarios<br>Parameters: "user Can Change Currency successfully", "Change Currency"</td>
<td></td>
<td>6</td>
<td>org.example.TestRunner.Runner@46daef40</td></tr>
<tr>
<td title='org.example.TestRunner.Runner.runScenario()'><b>runScenario</b><br>Test class: org.example.TestRunner.Runner<br>Test method: Runs Cucumber Scenarios<br>Parameters: "Happy Scenario of reseting Password", "User can reset Password successfullly"</td>
<td></td>
<td>4</td>
<td>org.example.TestRunner.Runner@46daef40</td></tr>
<tr>
<td title='org.example.TestRunner.Runner.runScenario()'><b>runScenario</b><br>Test class: org.example.TestRunner.Runner<br>Test method: Runs Cucumber Scenarios<br>Parameters: "user adding items to compare list", "user can add any items to compare"</td>
<td></td>
<td>9</td>
<td>org.example.TestRunner.Runner@46daef40</td></tr>
<tr>
<td title='org.example.TestRunner.Runner.runScenario()'><b>runScenario</b><br>Test class: org.example.TestRunner.Runner<br>Test method: Runs Cucumber Scenarios<br>Parameters: "user Search for An (product Name)", "Check that user can search for any proudct"</td>
<td></td>
<td>5</td>
<td>org.example.TestRunner.Runner@46daef40</td></tr>
<tr>
<td title='org.example.TestRunner.Runner.runScenario()'><b>runScenario</b><br>Test class: org.example.TestRunner.Runner<br>Test method: Runs Cucumber Scenarios<br>Parameters: "user Select Any tag successfully", "user can selectAny tags in Category"</td>
<td></td>
<td>11</td>
<td>org.example.TestRunner.Runner@46daef40</td></tr>
<tr>
<td title='org.example.TestRunner.Runner.runScenario()'><b>runScenario</b><br>Test class: org.example.TestRunner.Runner<br>Test method: Runs Cucumber Scenarios<br>Parameters: "user Registered. (Happy Scenario)", "user try to Register Successfully"</td>
<td></td>
<td>6</td>
<td>org.example.TestRunner.Runner@46daef40</td></tr>
<tr>
<td title='org.example.TestRunner.Runner.runScenario()'><b>runScenario</b><br>Test class: org.example.TestRunner.Runner<br>Test method: Runs Cucumber Scenarios<br>Parameters: "user Add item to wish list and check Counter", "user can add item to wish list successfully"</td>
<td></td>
<td>14</td>
<td>org.example.TestRunner.Runner@46daef40</td></tr>
<tr>
<td title='org.example.TestRunner.Runner.runScenario()'><b>runScenario</b><br>Test class: org.example.TestRunner.Runner<br>Test method: Runs Cucumber Scenarios<br>Parameters: "user Search for An (Sku)", "Check that user can search for any proudct"</td>
<td></td>
<td>8</td>
<td>org.example.TestRunner.Runner@46daef40</td></tr>
</table><p>
</body>
</html>