<?xml version="1.0" encoding="UTF-8"?>
<testng-results skipped="0" failed="5" ignored="0" total="27" passed="22">
  <reporter-output>
  </reporter-output>
  <suite name="Surefire suite" duration-ms="300870" started-at="2022-07-19T00:13:15 EET" finished-at="2022-07-19T00:18:16 EET">
    <groups>
      <group name="cucumber">
        <method signature="AbstractTestNGCucumberTests.runScenario(io.cucumber.testng.PickleWrapper,io.cucumber.testng.FeatureWrapper)[pri:0, instance:org.example.TestRunner.Runner@46daef40]" name="runScenario" class="io.cucumber.testng.AbstractTestNGCucumberTests"/>
      </group> <!-- cucumber -->
    </groups>
    <test name="Surefire test" duration-ms="300870" started-at="2022-07-19T00:13:15 EET" finished-at="2022-07-19T00:18:16 EET">
      <class name="org.example.TestRunner.Runner">
        <test-method status="PASS" signature="setUpClass(org.testng.ITestContext)[pri:0, instance:org.example.TestRunner.Runner@46daef40]" name="setUpClass" is-config="true" duration-ms="349" started-at="2022-07-19T00:13:15 EET" finished-at="2022-07-19T00:13:15 EET">
          <params>
            <param index="0">
              <value>
                <![CDATA[org.testng.TestRunner@43b3b1b0]]>
              </value>
            </param>
          </params>
          <reporter-output>
          </reporter-output>
        </test-method> <!-- setUpClass -->
        <test-method status="PASS" signature="runScenario(io.cucumber.testng.PickleWrapper,io.cucumber.testng.FeatureWrapper)[pri:0, instance:org.example.TestRunner.Runner@46daef40]" name="runScenario" duration-ms="6321" started-at="2022-07-19T00:13:15 EET" description="Runs Cucumber Scenarios" data-provider="scenarios" finished-at="2022-07-19T00:13:22 EET">
          <params>
            <param index="0">
              <value>
                <![CDATA["user Registered. (Happy Scenario)"]]>
              </value>
            </param>
            <param index="1">
              <value>
                <![CDATA["user try to Register Successfully"]]>
              </value>
            </param>
          </params>
          <reporter-output>
          </reporter-output>
        </test-method> <!-- runScenario -->
        <test-method status="PASS" signature="runScenario(io.cucumber.testng.PickleWrapper,io.cucumber.testng.FeatureWrapper)[pri:0, instance:org.example.TestRunner.Runner@46daef40]" name="runScenario" duration-ms="4726" started-at="2022-07-19T00:13:22 EET" description="Runs Cucumber Scenarios" data-provider="scenarios" finished-at="2022-07-19T00:13:26 EET">
          <params>
            <param index="0">
              <value>
                <![CDATA["user Login in (Happy Scenario)"]]>
              </value>
            </param>
            <param index="1">
              <value>
                <![CDATA["Login Functionality"]]>
              </value>
            </param>
          </params>
          <reporter-output>
          </reporter-output>
        </test-method> <!-- runScenario -->
        <test-method status="PASS" signature="runScenario(io.cucumber.testng.PickleWrapper,io.cucumber.testng.FeatureWrapper)[pri:0, instance:org.example.TestRunner.Runner@46daef40]" name="runScenario" duration-ms="4178" started-at="2022-07-19T00:13:26 EET" description="Runs Cucumber Scenarios" data-provider="scenarios" finished-at="2022-07-19T00:13:30 EET">
          <params>
            <param index="0">
              <value>
                <![CDATA["user Login in (Negative Scenario)"]]>
              </value>
            </param>
            <param index="1">
              <value>
                <![CDATA["Login Functionality"]]>
              </value>
            </param>
          </params>
          <reporter-output>
          </reporter-output>
        </test-method> <!-- runScenario -->
        <test-method status="PASS" signature="runScenario(io.cucumber.testng.PickleWrapper,io.cucumber.testng.FeatureWrapper)[pri:0, instance:org.example.TestRunner.Runner@46daef40]" name="runScenario" duration-ms="4896" started-at="2022-07-19T00:13:30 EET" description="Runs Cucumber Scenarios" data-provider="scenarios" finished-at="2022-07-19T00:13:35 EET">
          <params>
            <param index="0">
              <value>
                <![CDATA["Happy Scenario of reseting Password"]]>
              </value>
            </param>
            <param index="1">
              <value>
                <![CDATA["User can reset Password successfullly"]]>
              </value>
            </param>
          </params>
          <reporter-output>
          </reporter-output>
        </test-method> <!-- runScenario -->
        <test-method status="PASS" signature="runScenario(io.cucumber.testng.PickleWrapper,io.cucumber.testng.FeatureWrapper)[pri:0, instance:org.example.TestRunner.Runner@46daef40]" name="runScenario" duration-ms="5626" started-at="2022-07-19T00:13:35 EET" description="Runs Cucumber Scenarios" data-provider="scenarios" finished-at="2022-07-19T00:13:41 EET">
          <params>
            <param index="0">
              <value>
                <![CDATA["user Search for An (product Name)"]]>
              </value>
            </param>
            <param index="1">
              <value>
                <![CDATA["Check that user can search for any proudct"]]>
              </value>
            </param>
          </params>
          <reporter-output>
          </reporter-output>
        </test-method> <!-- runScenario -->
        <test-method status="PASS" signature="runScenario(io.cucumber.testng.PickleWrapper,io.cucumber.testng.FeatureWrapper)[pri:0, instance:org.example.TestRunner.Runner@46daef40]" name="runScenario" duration-ms="5428" started-at="2022-07-19T00:13:41 EET" description="Runs Cucumber Scenarios" data-provider="scenarios" finished-at="2022-07-19T00:13:46 EET">
          <params>
            <param index="0">
              <value>
                <![CDATA["user Search for An (product Name)"]]>
              </value>
            </param>
            <param index="1">
              <value>
                <![CDATA["Check that user can search for any proudct"]]>
              </value>
            </param>
          </params>
          <reporter-output>
          </reporter-output>
        </test-method> <!-- runScenario -->
        <test-method status="PASS" signature="runScenario(io.cucumber.testng.PickleWrapper,io.cucumber.testng.FeatureWrapper)[pri:0, instance:org.example.TestRunner.Runner@46daef40]" name="runScenario" duration-ms="5611" started-at="2022-07-19T00:13:46 EET" description="Runs Cucumber Scenarios" data-provider="scenarios" finished-at="2022-07-19T00:13:52 EET">
          <params>
            <param index="0">
              <value>
                <![CDATA["user Search for An (product Name)"]]>
              </value>
            </param>
            <param index="1">
              <value>
                <![CDATA["Check that user can search for any proudct"]]>
              </value>
            </param>
          </params>
          <reporter-output>
          </reporter-output>
        </test-method> <!-- runScenario -->
        <test-method status="PASS" signature="runScenario(io.cucumber.testng.PickleWrapper,io.cucumber.testng.FeatureWrapper)[pri:0, instance:org.example.TestRunner.Runner@46daef40]" name="runScenario" duration-ms="8974" started-at="2022-07-19T00:13:52 EET" description="Runs Cucumber Scenarios" data-provider="scenarios" finished-at="2022-07-19T00:14:01 EET">
          <params>
            <param index="0">
              <value>
                <![CDATA["user Search for An (Sku)"]]>
              </value>
            </param>
            <param index="1">
              <value>
                <![CDATA["Check that user can search for any proudct"]]>
              </value>
            </param>
          </params>
          <reporter-output>
          </reporter-output>
        </test-method> <!-- runScenario -->
        <test-method status="PASS" signature="runScenario(io.cucumber.testng.PickleWrapper,io.cucumber.testng.FeatureWrapper)[pri:0, instance:org.example.TestRunner.Runner@46daef40]" name="runScenario" duration-ms="7476" started-at="2022-07-19T00:14:01 EET" description="Runs Cucumber Scenarios" data-provider="scenarios" finished-at="2022-07-19T00:14:08 EET">
          <params>
            <param index="0">
              <value>
                <![CDATA["user Search for An (Sku)"]]>
              </value>
            </param>
            <param index="1">
              <value>
                <![CDATA["Check that user can search for any proudct"]]>
              </value>
            </param>
          </params>
          <reporter-output>
          </reporter-output>
        </test-method> <!-- runScenario -->
        <test-method status="PASS" signature="runScenario(io.cucumber.testng.PickleWrapper,io.cucumber.testng.FeatureWrapper)[pri:0, instance:org.example.TestRunner.Runner@46daef40]" name="runScenario" duration-ms="7944" started-at="2022-07-19T00:14:08 EET" description="Runs Cucumber Scenarios" data-provider="scenarios" finished-at="2022-07-19T00:14:16 EET">
          <params>
            <param index="0">
              <value>
                <![CDATA["user Search for An (Sku)"]]>
              </value>
            </param>
            <param index="1">
              <value>
                <![CDATA["Check that user can search for any proudct"]]>
              </value>
            </param>
          </params>
          <reporter-output>
          </reporter-output>
        </test-method> <!-- runScenario -->
        <test-method status="PASS" signature="runScenario(io.cucumber.testng.PickleWrapper,io.cucumber.testng.FeatureWrapper)[pri:0, instance:org.example.TestRunner.Runner@46daef40]" name="runScenario" duration-ms="6094" started-at="2022-07-19T00:14:16 EET" description="Runs Cucumber Scenarios" data-provider="scenarios" finished-at="2022-07-19T00:14:22 EET">
          <params>
            <param index="0">
              <value>
                <![CDATA["user Can Change Currency successfully"]]>
              </value>
            </param>
            <param index="1">
              <value>
                <![CDATA["Change Currency"]]>
              </value>
            </param>
          </params>
          <reporter-output>
          </reporter-output>
        </test-method> <!-- runScenario -->
        <test-method status="PASS" signature="runScenario(io.cucumber.testng.PickleWrapper,io.cucumber.testng.FeatureWrapper)[pri:0, instance:org.example.TestRunner.Runner@46daef40]" name="runScenario" duration-ms="12339" started-at="2022-07-19T00:14:22 EET" description="Runs Cucumber Scenarios" data-provider="scenarios" finished-at="2022-07-19T00:14:35 EET">
          <params>
            <param index="0">
              <value>
                <![CDATA["user can select categories with subcategories"]]>
              </value>
            </param>
            <param index="1">
              <value>
                <![CDATA["user can select any category successfully"]]>
              </value>
            </param>
          </params>
          <reporter-output>
          </reporter-output>
        </test-method> <!-- runScenario -->
        <test-method status="PASS" signature="runScenario(io.cucumber.testng.PickleWrapper,io.cucumber.testng.FeatureWrapper)[pri:0, instance:org.example.TestRunner.Runner@46daef40]" name="runScenario" duration-ms="10107" started-at="2022-07-19T00:14:35 EET" description="Runs Cucumber Scenarios" data-provider="scenarios" finished-at="2022-07-19T00:14:45 EET">
          <params>
            <param index="0">
              <value>
                <![CDATA["user can select categories with subcategories2"]]>
              </value>
            </param>
            <param index="1">
              <value>
                <![CDATA["user can select any category successfully"]]>
              </value>
            </param>
          </params>
          <reporter-output>
          </reporter-output>
        </test-method> <!-- runScenario -->
        <test-method status="PASS" signature="runScenario(io.cucumber.testng.PickleWrapper,io.cucumber.testng.FeatureWrapper)[pri:0, instance:org.example.TestRunner.Runner@46daef40]" name="runScenario" duration-ms="10771" started-at="2022-07-19T00:14:45 EET" description="Runs Cucumber Scenarios" data-provider="scenarios" finished-at="2022-07-19T00:14:56 EET">
          <params>
            <param index="0">
              <value>
                <![CDATA["user can select categories with subcategories3"]]>
              </value>
            </param>
            <param index="1">
              <value>
                <![CDATA["user can select any category successfully"]]>
              </value>
            </param>
          </params>
          <reporter-output>
          </reporter-output>
        </test-method> <!-- runScenario -->
        <test-method status="PASS" signature="runScenario(io.cucumber.testng.PickleWrapper,io.cucumber.testng.FeatureWrapper)[pri:0, instance:org.example.TestRunner.Runner@46daef40]" name="runScenario" duration-ms="12903" started-at="2022-07-19T00:14:56 EET" description="Runs Cucumber Scenarios" data-provider="scenarios" finished-at="2022-07-19T00:15:09 EET">
          <params>
            <param index="0">
              <value>
                <![CDATA["user can filter shoesCategory With Color"]]>
              </value>
            </param>
            <param index="1">
              <value>
                <![CDATA["Filtering categories with color"]]>
              </value>
            </param>
          </params>
          <reporter-output>
          </reporter-output>
        </test-method> <!-- runScenario -->
        <test-method status="PASS" signature="runScenario(io.cucumber.testng.PickleWrapper,io.cucumber.testng.FeatureWrapper)[pri:0, instance:org.example.TestRunner.Runner@46daef40]" name="runScenario" duration-ms="12995" started-at="2022-07-19T00:15:09 EET" description="Runs Cucumber Scenarios" data-provider="scenarios" finished-at="2022-07-19T00:15:22 EET">
          <params>
            <param index="0">
              <value>
                <![CDATA["user Select Any tag successfully"]]>
              </value>
            </param>
            <param index="1">
              <value>
                <![CDATA["user can selectAny tags in Category"]]>
              </value>
            </param>
          </params>
          <reporter-output>
          </reporter-output>
        </test-method> <!-- runScenario -->
        <test-method status="PASS" signature="runScenario(io.cucumber.testng.PickleWrapper,io.cucumber.testng.FeatureWrapper)[pri:0, instance:org.example.TestRunner.Runner@46daef40]" name="runScenario" duration-ms="11590" started-at="2022-07-19T00:15:22 EET" description="Runs Cucumber Scenarios" data-provider="scenarios" finished-at="2022-07-19T00:15:33 EET">
          <params>
            <param index="0">
              <value>
                <![CDATA["user Select Any tag successfully"]]>
              </value>
            </param>
            <param index="1">
              <value>
                <![CDATA["user can selectAny tags in Category"]]>
              </value>
            </param>
          </params>
          <reporter-output>
          </reporter-output>
        </test-method> <!-- runScenario -->
        <test-method status="FAIL" signature="runScenario(io.cucumber.testng.PickleWrapper,io.cucumber.testng.FeatureWrapper)[pri:0, instance:org.example.TestRunner.Runner@46daef40]" name="runScenario" duration-ms="13140" started-at="2022-07-19T00:15:33 EET" description="Runs Cucumber Scenarios" data-provider="scenarios" finished-at="2022-07-19T00:15:46 EET">
          <params>
            <param index="0">
              <value>
                <![CDATA["user Select Any tag successfully"]]>
              </value>
            </param>
            <param index="1">
              <value>
                <![CDATA["user can selectAny tags in Category"]]>
              </value>
            </param>
          </params>
          <exception class="java.lang.AssertionError">
            <message>
              <![CDATA[The following asserts failed:
expected [true] but found [false],
expected [true] but found [false]]]>
            </message>
            <full-stacktrace>
              <![CDATA[java.lang.AssertionError: The following asserts failed:
expected [true] but found [false],
expected [true] but found [false]
at org.testng.asserts.SoftAssert.assertAll(SoftAssert.java:46)
at org.testng.asserts.SoftAssert.assertAll(SoftAssert.java:30)
at org.example.Steps.S08_SelectTags.CheckTagResult(S08_SelectTags.java:56)
at ✽.nice Selected Successfully(file:///D:/Udacity/FinalNopEcommerceProject/demonopcommerce/src/main/resources/Features/F08_SelectTags.feature:13)
]]>
            </full-stacktrace>
          </exception> <!-- java.lang.AssertionError -->
          <reporter-output>
          </reporter-output>
        </test-method> <!-- runScenario -->
        <test-method status="PASS" signature="runScenario(io.cucumber.testng.PickleWrapper,io.cucumber.testng.FeatureWrapper)[pri:0, instance:org.example.TestRunner.Runner@46daef40]" name="runScenario" duration-ms="23628" started-at="2022-07-19T00:15:46 EET" description="Runs Cucumber Scenarios" data-provider="scenarios" finished-at="2022-07-19T00:16:10 EET">
          <params>
            <param index="0">
              <value>
                <![CDATA["adding Two Different Products to Shopping Cart"]]>
              </value>
            </param>
            <param index="1">
              <value>
                <![CDATA["User Can Add Different Items To cart"]]>
              </value>
            </param>
          </params>
          <reporter-output>
          </reporter-output>
        </test-method> <!-- runScenario -->
        <test-method status="PASS" signature="runScenario(io.cucumber.testng.PickleWrapper,io.cucumber.testng.FeatureWrapper)[pri:0, instance:org.example.TestRunner.Runner@46daef40]" name="runScenario" duration-ms="12087" started-at="2022-07-19T00:16:10 EET" description="Runs Cucumber Scenarios" data-provider="scenarios" finished-at="2022-07-19T00:16:22 EET">
          <params>
            <param index="0">
              <value>
                <![CDATA["user Add first item to wish list and check alert message"]]>
              </value>
            </param>
            <param index="1">
              <value>
                <![CDATA["user can add item to wish list successfully"]]>
              </value>
            </param>
          </params>
          <reporter-output>
          </reporter-output>
        </test-method> <!-- runScenario -->
        <test-method status="PASS" signature="runScenario(io.cucumber.testng.PickleWrapper,io.cucumber.testng.FeatureWrapper)[pri:0, instance:org.example.TestRunner.Runner@46daef40]" name="runScenario" duration-ms="14654" started-at="2022-07-19T00:16:22 EET" description="Runs Cucumber Scenarios" data-provider="scenarios" finished-at="2022-07-19T00:16:37 EET">
          <params>
            <param index="0">
              <value>
                <![CDATA["user Add item to wish list and check Counter"]]>
              </value>
            </param>
            <param index="1">
              <value>
                <![CDATA["user can add item to wish list successfully"]]>
              </value>
            </param>
          </params>
          <reporter-output>
          </reporter-output>
        </test-method> <!-- runScenario -->
        <test-method status="PASS" signature="runScenario(io.cucumber.testng.PickleWrapper,io.cucumber.testng.FeatureWrapper)[pri:0, instance:org.example.TestRunner.Runner@46daef40]" name="runScenario" duration-ms="14637" started-at="2022-07-19T00:16:37 EET" description="Runs Cucumber Scenarios" data-provider="scenarios" finished-at="2022-07-19T00:16:51 EET">
          <params>
            <param index="0">
              <value>
                <![CDATA["adding one item to cart from wishlist page"]]>
              </value>
            </param>
            <param index="1">
              <value>
                <![CDATA["Adding an item to cart from WishList page"]]>
              </value>
            </param>
          </params>
          <reporter-output>
          </reporter-output>
        </test-method> <!-- runScenario -->
        <test-method status="PASS" signature="runScenario(io.cucumber.testng.PickleWrapper,io.cucumber.testng.FeatureWrapper)[pri:0, instance:org.example.TestRunner.Runner@46daef40]" name="runScenario" duration-ms="9908" started-at="2022-07-19T00:16:51 EET" description="Runs Cucumber Scenarios" data-provider="scenarios" finished-at="2022-07-19T00:17:01 EET">
          <params>
            <param index="0">
              <value>
                <![CDATA["user adding items to compare list"]]>
              </value>
            </param>
            <param index="1">
              <value>
                <![CDATA["user can add any items to compare"]]>
              </value>
            </param>
          </params>
          <reporter-output>
          </reporter-output>
        </test-method> <!-- runScenario -->
        <test-method status="FAIL" signature="runScenario(io.cucumber.testng.PickleWrapper,io.cucumber.testng.FeatureWrapper)[pri:0, instance:org.example.TestRunner.Runner@46daef40]" name="runScenario" duration-ms="21032" started-at="2022-07-19T00:17:01 EET" description="Runs Cucumber Scenarios" data-provider="scenarios" finished-at="2022-07-19T00:17:22 EET">
          <params>
            <param index="0">
              <value>
                <![CDATA["user complete process to check out (Happy Scenario)"]]>
              </value>
            </param>
            <param index="1">
              <value>
                <![CDATA["user complete His purchase successfully"]]>
              </value>
            </param>
          </params>
          <exception class="java.lang.AssertionError">
            <message>
              <![CDATA[expected [true] but found [false]]]>
            </message>
            <full-stacktrace>
              <![CDATA[java.lang.AssertionError: expected [true] but found [false]
at org.testng.Assert.fail(Assert.java:110)
at org.testng.Assert.failNotEquals(Assert.java:1413)
at org.testng.Assert.assertTrue(Assert.java:56)
at org.testng.Assert.assertTrue(Assert.java:66)
at org.example.Steps.S13_CreateSuccessfulOrder.CheckPAyinfo(S13_CreateSuccessfulOrder.java:89)
at ✽.Check payment info url(file:///D:/Udacity/FinalNopEcommerceProject/demonopcommerce/src/main/resources/Features/F13_CreateSuccessfulOrder.feature:23)
]]>
            </full-stacktrace>
          </exception> <!-- java.lang.AssertionError -->
          <reporter-output>
          </reporter-output>
        </test-method> <!-- runScenario -->
        <test-method status="FAIL" signature="runScenario(io.cucumber.testng.PickleWrapper,io.cucumber.testng.FeatureWrapper)[pri:0, instance:org.example.TestRunner.Runner@46daef40]" name="runScenario" duration-ms="33764" started-at="2022-07-19T00:17:22 EET" description="Runs Cucumber Scenarios" data-provider="scenarios" finished-at="2022-07-19T00:17:56 EET">
          <params>
            <param index="0">
              <value>
                <![CDATA["opening Links (HappyScenario)"]]>
              </value>
            </param>
            <param index="1">
              <value>
                <![CDATA["user can open any link"]]>
              </value>
            </param>
          </params>
          <exception class="org.openqa.selenium.StaleElementReferenceException">
            <message>
              <![CDATA[stale element reference: element is not attached to the page document
  (Session info: chrome=103.0.5060.114)
For documentation on this error, please visit: https://selenium.dev/exceptions/#stale_element_reference
Build info: version: '4.3.0', revision: 'a4995e2c09*'
System info: host: 'DESKTOP-7D1MDG2', ip: '192.168.1.13', os.name: 'Windows 11', os.arch: 'amd64', os.version: '10.0', java.version: '1.8.0_333'
Driver info: org.openqa.selenium.chrome.ChromeDriver
Command: [c931277151f66cb55ab336a9929d7ce4, getElementText {id=d1d34f55-4767-4fa1-a238-0899fbbaa65b}]
Capabilities {acceptInsecureCerts: false, browserName: chrome, browserVersion: 103.0.5060.114, chrome: {chromedriverVersion: 103.0.5060.53 (a1711811edd7..., userDataDir: C:\Users\AHMEDN~1\AppData\L...}, goog:chromeOptions: {debuggerAddress: localhost:56701}, networkConnectionEnabled: false, pageLoadStrategy: normal, platformName: WINDOWS, proxy: Proxy(), se:cdp: ws://localhost:56701/devtoo..., se:cdpVersion: 103.0.5060.114, setWindowRect: true, strictFileInteractability: false, timeouts: {implicit: 0, pageLoad: 300000, script: 30000}, unhandledPromptBehavior: dismiss and notify, webauthn:extension:credBlob: true, webauthn:extension:largeBlob: true, webauthn:virtualAuthenticators: true}
Element: [[[[ChromeDriver: chrome on WINDOWS (c931277151f66cb55ab336a9929d7ce4)] -> class name: networks]] -> tag name: li]
Session ID: c931277151f66cb55ab336a9929d7ce4]]>
            </message>
            <full-stacktrace>
              <![CDATA[org.openqa.selenium.StaleElementReferenceException: stale element reference: element is not attached to the page document
  (Session info: chrome=103.0.5060.114)
For documentation on this error, please visit: https://selenium.dev/exceptions/#stale_element_reference
Build info: version: '4.3.0', revision: 'a4995e2c09*'
System info: host: 'DESKTOP-7D1MDG2', ip: '192.168.1.13', os.name: 'Windows 11', os.arch: 'amd64', os.version: '10.0', java.version: '1.8.0_333'
Driver info: org.openqa.selenium.chrome.ChromeDriver
Command: [c931277151f66cb55ab336a9929d7ce4, getElementText {id=d1d34f55-4767-4fa1-a238-0899fbbaa65b}]
Capabilities {acceptInsecureCerts: false, browserName: chrome, browserVersion: 103.0.5060.114, chrome: {chromedriverVersion: 103.0.5060.53 (a1711811edd7..., userDataDir: C:\Users\AHMEDN~1\AppData\L...}, goog:chromeOptions: {debuggerAddress: localhost:56701}, networkConnectionEnabled: false, pageLoadStrategy: normal, platformName: WINDOWS, proxy: Proxy(), se:cdp: ws://localhost:56701/devtoo..., se:cdpVersion: 103.0.5060.114, setWindowRect: true, strictFileInteractability: false, timeouts: {implicit: 0, pageLoad: 300000, script: 30000}, unhandledPromptBehavior: dismiss and notify, webauthn:extension:credBlob: true, webauthn:extension:largeBlob: true, webauthn:virtualAuthenticators: true}
Element: [[[[ChromeDriver: chrome on WINDOWS (c931277151f66cb55ab336a9929d7ce4)] -> class name: networks]] -> tag name: li]
Session ID: c931277151f66cb55ab336a9929d7ce4
at sun.reflect.NativeConstructorAccessorImpl.newInstance0(Native Method)
at sun.reflect.NativeConstructorAccessorImpl.newInstance(NativeConstructorAccessorImpl.java:62)
at sun.reflect.DelegatingConstructorAccessorImpl.newInstance(DelegatingConstructorAccessorImpl.java:45)
at java.lang.reflect.Constructor.newInstance(Constructor.java:423)
at org.openqa.selenium.remote.codec.w3c.W3CHttpResponseCodec.createException(W3CHttpResponseCodec.java:200)
at org.openqa.selenium.remote.codec.w3c.W3CHttpResponseCodec.decode(W3CHttpResponseCodec.java:133)
at org.openqa.selenium.remote.codec.w3c.W3CHttpResponseCodec.decode(W3CHttpResponseCodec.java:53)
at org.openqa.selenium.remote.HttpCommandExecutor.execute(HttpCommandExecutor.java:184)
at org.openqa.selenium.remote.service.DriverCommandExecutor.invokeExecute(DriverCommandExecutor.java:167)
at org.openqa.selenium.remote.service.DriverCommandExecutor.execute(DriverCommandExecutor.java:142)
at org.openqa.selenium.remote.RemoteWebDriver.execute(RemoteWebDriver.java:569)
at org.openqa.selenium.remote.RemoteWebElement.execute(RemoteWebElement.java:257)
at org.openqa.selenium.remote.RemoteWebElement.getText(RemoteWebElement.java:207)
at org.example.Steps.S14_FollowUs.OpenRssLink(S14_FollowUs.java:90)
at ✽.user CLick on "https://demo.nopcommerce.com/new-online-store-is-open" Link4(file:///D:/Udacity/FinalNopEcommerceProject/demonopcommerce/src/main/resources/Features/F14_FollowUs.feature:7)
]]>
            </full-stacktrace>
          </exception> <!-- org.openqa.selenium.StaleElementReferenceException -->
          <reporter-output>
          </reporter-output>
        </test-method> <!-- runScenario -->
        <test-method status="FAIL" signature="runScenario(io.cucumber.testng.PickleWrapper,io.cucumber.testng.FeatureWrapper)[pri:0, instance:org.example.TestRunner.Runner@46daef40]" name="runScenario" duration-ms="6417" started-at="2022-07-19T00:17:56 EET" description="Runs Cucumber Scenarios" data-provider="scenarios" finished-at="2022-07-19T00:18:02 EET">
          <params>
            <param index="0">
              <value>
                <![CDATA["Navigate to Pages of first Sliders"]]>
              </value>
            </param>
            <param index="1">
              <value>
                <![CDATA["Home Sliders Redirect to Specific pages"]]>
              </value>
            </param>
          </params>
          <exception class="java.lang.AssertionError">
            <message>
              <![CDATA[expected [https://demo.nopcommerce.com/] but found [https://demo.nopcommerce.com/nokia-lumia-1020]]]>
            </message>
            <full-stacktrace>
              <![CDATA[java.lang.AssertionError: expected [https://demo.nopcommerce.com/] but found [https://demo.nopcommerce.com/nokia-lumia-1020]
at org.testng.Assert.fail(Assert.java:110)
at org.testng.Assert.failNotEquals(Assert.java:1413)
at org.testng.Assert.assertEqualsImpl(Assert.java:149)
at org.testng.Assert.assertEquals(Assert.java:131)
at org.testng.Assert.assertEquals(Assert.java:655)
at org.testng.Assert.assertEquals(Assert.java:665)
at org.example.Steps.S15_HomeSliders.CheckFirstUrl(S15_HomeSliders.java:29)
at ✽.check the result of first url "https://demo.nopcommerce.com/nokia-lumia-1020"(file:///D:/Udacity/FinalNopEcommerceProject/demonopcommerce/src/main/resources/Features/F15_HomeSliders.feature:6)
]]>
            </full-stacktrace>
          </exception> <!-- java.lang.AssertionError -->
          <reporter-output>
          </reporter-output>
        </test-method> <!-- runScenario -->
        <test-method status="FAIL" signature="runScenario(io.cucumber.testng.PickleWrapper,io.cucumber.testng.FeatureWrapper)[pri:0, instance:org.example.TestRunner.Runner@46daef40]" name="runScenario" duration-ms="13139" started-at="2022-07-19T00:18:02 EET" description="Runs Cucumber Scenarios" data-provider="scenarios" finished-at="2022-07-19T00:18:16 EET">
          <params>
            <param index="0">
              <value>
                <![CDATA["Navigate to Page of Second Sliders"]]>
              </value>
            </param>
            <param index="1">
              <value>
                <![CDATA["Home Sliders Redirect to Specific pages"]]>
              </value>
            </param>
          </params>
          <exception class="org.openqa.selenium.TimeoutException">
            <message>
              <![CDATA[Expected condition failed: waiting for visibility of [[ChromeDriver: chrome on WINDOWS (d4a81aa3d1728651a708a09f61c39e90)] -> xpath: //*[@id="nivo-slider"]/a[2]] (tried for 10 second(s) with 500 milliseconds interval)
Build info: version: '4.3.0', revision: 'a4995e2c09*'
System info: host: 'DESKTOP-7D1MDG2', ip: '192.168.1.13', os.name: 'Windows 11', os.arch: 'amd64', os.version: '10.0', java.version: '1.8.0_333'
Driver info: org.openqa.selenium.chrome.ChromeDriver
Capabilities {acceptInsecureCerts: false, browserName: chrome, browserVersion: 103.0.5060.114, chrome: {chromedriverVersion: 103.0.5060.53 (a1711811edd7..., userDataDir: C:\Users\AHMEDN~1\AppData\L...}, goog:chromeOptions: {debuggerAddress: localhost:56814}, networkConnectionEnabled: false, pageLoadStrategy: normal, platformName: WINDOWS, proxy: Proxy(), se:cdp: ws://localhost:56814/devtoo..., se:cdpVersion: 103.0.5060.114, setWindowRect: true, strictFileInteractability: false, timeouts: {implicit: 0, pageLoad: 300000, script: 30000}, unhandledPromptBehavior: dismiss and notify, webauthn:extension:credBlob: true, webauthn:extension:largeBlob: true, webauthn:virtualAuthenticators: true}
Session ID: d4a81aa3d1728651a708a09f61c39e90]]>
            </message>
            <full-stacktrace>
              <![CDATA[org.openqa.selenium.TimeoutException: Expected condition failed: waiting for visibility of [[ChromeDriver: chrome on WINDOWS (d4a81aa3d1728651a708a09f61c39e90)] -> xpath: //*[@id="nivo-slider"]/a[2]] (tried for 10 second(s) with 500 milliseconds interval)
Build info: version: '4.3.0', revision: 'a4995e2c09*'
System info: host: 'DESKTOP-7D1MDG2', ip: '192.168.1.13', os.name: 'Windows 11', os.arch: 'amd64', os.version: '10.0', java.version: '1.8.0_333'
Driver info: org.openqa.selenium.chrome.ChromeDriver
Capabilities {acceptInsecureCerts: false, browserName: chrome, browserVersion: 103.0.5060.114, chrome: {chromedriverVersion: 103.0.5060.53 (a1711811edd7..., userDataDir: C:\Users\AHMEDN~1\AppData\L...}, goog:chromeOptions: {debuggerAddress: localhost:56814}, networkConnectionEnabled: false, pageLoadStrategy: normal, platformName: WINDOWS, proxy: Proxy(), se:cdp: ws://localhost:56814/devtoo..., se:cdpVersion: 103.0.5060.114, setWindowRect: true, strictFileInteractability: false, timeouts: {implicit: 0, pageLoad: 300000, script: 30000}, unhandledPromptBehavior: dismiss and notify, webauthn:extension:credBlob: true, webauthn:extension:largeBlob: true, webauthn:virtualAuthenticators: true}
Session ID: d4a81aa3d1728651a708a09f61c39e90
at org.openqa.selenium.support.ui.WebDriverWait.timeoutException(WebDriverWait.java:87)
at org.openqa.selenium.support.ui.FluentWait.until(FluentWait.java:231)
at org.example.Steps.S15_HomeSliders.ClickOnSecondSlider(S15_HomeSliders.java:36)
at ✽.navigate to second url(file:///D:/Udacity/FinalNopEcommerceProject/demonopcommerce/src/main/resources/Features/F15_HomeSliders.feature:10)
]]>
            </full-stacktrace>
          </exception> <!-- org.openqa.selenium.TimeoutException -->
          <reporter-output>
          </reporter-output>
        </test-method> <!-- runScenario -->
        <test-method status="PASS" signature="tearDownClass()[pri:0, instance:org.example.TestRunner.Runner@46daef40]" name="tearDownClass" is-config="true" duration-ms="103" started-at="2022-07-19T00:18:16 EET" finished-at="2022-07-19T00:18:16 EET">
          <reporter-output>
          </reporter-output>
        </test-method> <!-- tearDownClass -->
      </class> <!-- org.example.TestRunner.Runner -->
    </test> <!-- Surefire test -->
  </suite> <!-- Surefire suite -->
</testng-results>
