<?xml version="1.0" encoding="UTF-8" standalone="no"?>
<testsuite errors="0" failures="5" name="io.cucumber.core.plugin.JUnitFormatter" skipped="0" tests="27" time="300.473">
<testcase classname="user try to Register Successfully" name="user Registered. (Happy Scenario)" time="6.271">
<system-out><![CDATA[Given user navigate to register page........................................passed
When user fill personal data detailes.......................................passed
And fill company details....................................................passed
And fill password fields....................................................passed
And click register button...................................................passed
Then user Registerd Successfully............................................passed
]]></system-out>
</testcase>
<testcase classname="Login Functionality" name="user Login in (Happy Scenario)" time="4.718">
<system-out><![CDATA[Given user navigate to Login page...........................................passed
When type "abaashelmy@gmail.com" and "123123"...............................passed
And Click on Login button...................................................passed
Then user logged in successfully............................................passed
]]></system-out>
</testcase>
<testcase classname="Login Functionality" name="user Login in (Negative Scenario)" time="4.171">
<system-out><![CDATA[Given user navigate to Login page Negative..................................passed
When typee "abaashelmmy@gmail.com" and "123122".............................passed
And Click on Login button Negative..........................................passed
Then user can not login.....................................................passed
]]></system-out>
</testcase>
<testcase classname="User can reset Password successfullly" name="Happy Scenario of reseting Password" time="4.89">
<system-out><![CDATA[Given user Navigate to Login page...........................................passed
When user Type Email........................................................passed
And user Clik on forget password............................................passed
And Fill Email Information..................................................passed
And click on Recover........................................................passed
Then intstruction of rest sent successfuly..................................passed
]]></system-out>
</testcase>
<testcase classname="Check that user can search for any proudct" name="user Search for An (product Name)" time="5.619">
<system-out><![CDATA[Given user navigate to Login page...........................................passed
When type "abaashelmy@gmail.com" and "123123"...............................passed
And Click on Login button...................................................passed
Then user logged in successfully............................................passed
Given user types on book in Search Bar......................................passed
When user Click on Search button............................................passed
Then Search result must be appears book.....................................passed
]]></system-out>
</testcase>
<testcase classname="Check that user can search for any proudct" name="user Search for An (product Name) 2" time="5.423">
<system-out><![CDATA[Given user navigate to Login page...........................................passed
When type "abaashelmy@gmail.com" and "123123"...............................passed
And Click on Login button...................................................passed
Then user logged in successfully............................................passed
Given user types on laptop in Search Bar....................................passed
When user Click on Search button............................................passed
Then Search result must be appears laptop...................................passed
]]></system-out>
</testcase>
<testcase classname="Check that user can search for any proudct" name="user Search for An (product Name) 3" time="5.605">
<system-out><![CDATA[Given user navigate to Login page...........................................passed
When type "abaashelmy@gmail.com" and "123123"...............................passed
And Click on Login button...................................................passed
Then user logged in successfully............................................passed
Given user types on nike in Search Bar......................................passed
When user Click on Search button............................................passed
Then Search result must be appears nike.....................................passed
]]></system-out>
</testcase>
<testcase classname="Check that user can search for any proudct" name="user Search for An (Sku)" time="8.969">
<system-out><![CDATA[Given user navigate to Login page...........................................passed
When type "abaashelmy@gmail.com" and "123123"...............................passed
And Click on Login button...................................................passed
Then user logged in successfully............................................passed
Given user types on SCI_FAITH in Search Bar.................................passed
When user Click on Search button............................................passed
Then Search result must be appearss SCI_FAITH...............................passed
]]></system-out>
</testcase>
<testcase classname="Check that user can search for any proudct" name="user Search for An (Sku) 2" time="7.472">
<system-out><![CDATA[Given user navigate to Login page...........................................passed
When type "abaashelmy@gmail.com" and "123123"...............................passed
And Click on Login button...................................................passed
Then user logged in successfully............................................passed
Given user types on APPLE_CAM in Search Bar.................................passed
When user Click on Search button............................................passed
Then Search result must be appearss APPLE_CAM...............................passed
]]></system-out>
</testcase>
<testcase classname="Check that user can search for any proudct" name="user Search for An (Sku) 3" time="7.939">
<system-out><![CDATA[Given user navigate to Login page...........................................passed
When type "abaashelmy@gmail.com" and "123123"...............................passed
And Click on Login button...................................................passed
Then user logged in successfully............................................passed
Given user types on SF_PRO_11 in Search Bar.................................passed
When user Click on Search button............................................passed
Then Search result must be appearss SF_PRO_11...............................passed
]]></system-out>
</testcase>
<testcase classname="Change Currency" name="user Can Change Currency successfully" time="6.089">
<system-out><![CDATA[Given user navigate to Login page...........................................passed
When type "abaashelmy@gmail.com" and "123123"...............................passed
And Click on Login button...................................................passed
Then user logged in successfully............................................passed
Given user Selects Euro From TopLeft List...................................passed
Then Proudcts must be changed to Euro.......................................passed
]]></system-out>
</testcase>
<testcase classname="user can select any category successfully" name="user can select categories with subcategories" time="12.334">
<system-out><![CDATA[Given user navigate to Login page...........................................passed
When type "abaashelmy@gmail.com" and "123123"...............................passed
And Click on Login button...................................................passed
Then user logged in successfully............................................passed
Given user hoover on random category........................................passed
When user select a subcategory..............................................passed
Then subcategory opened successfully........................................passed
]]></system-out>
</testcase>
<testcase classname="user can select any category successfully" name="user can select categories with subcategories2" time="10.102">
<system-out><![CDATA[Given user navigate to Login page...........................................passed
When type "abaashelmy@gmail.com" and "123123"...............................passed
And Click on Login button...................................................passed
Then user logged in successfully............................................passed
Given user hoover on random category2.......................................passed
When user select a subcategory2.............................................passed
Then subcategory2 opened successfully.......................................passed
]]></system-out>
</testcase>
<testcase classname="user can select any category successfully" name="user can select categories with subcategories3" time="10.764">
<system-out><![CDATA[Given user navigate to Login page...........................................passed
When type "abaashelmy@gmail.com" and "123123"...............................passed
And Click on Login button...................................................passed
Then user logged in successfully............................................passed
Given user hoover on random category3.......................................passed
When user select a subcategory3.............................................passed
Then subcategory3 opened successfully.......................................passed
]]></system-out>
</testcase>
<testcase classname="Filtering categories with color" name="user can filter shoesCategory With Color" time="12.896">
<system-out><![CDATA[Given user navigate to Login page...........................................passed
When type "abaashelmy@gmail.com" and "123123"...............................passed
And Click on Login button...................................................passed
Then user logged in successfully............................................passed
Given user hoover on Apperal category.......................................passed
When user select shoes subcategory..........................................passed
And user Choose a specfic color.............................................passed
Then filter Applied successfully............................................passed
]]></system-out>
</testcase>
<testcase classname="user can selectAny tags in Category" name="user Select Any tag successfully" time="12.989">
<system-out><![CDATA[Given user navigate to Login page...........................................passed
When type "abaashelmy@gmail.com" and "123123"...............................passed
And Click on Login button...................................................passed
Then user logged in successfully............................................passed
Given user Navigate to ant Category.........................................passed
When user Select awesome....................................................passed
Then awesome Selected Successfully..........................................passed
]]></system-out>
</testcase>
<testcase classname="user can selectAny tags in Category" name="user Select Any tag successfully 2" time="11.573">
<system-out><![CDATA[Given user navigate to Login page...........................................passed
When type "abaashelmy@gmail.com" and "123123"...............................passed
And Click on Login button...................................................passed
Then user logged in successfully............................................passed
Given user Navigate to ant Category.........................................passed
When user Select cool.......................................................passed
Then cool Selected Successfully.............................................passed
]]></system-out>
</testcase>
<testcase classname="user can selectAny tags in Category" name="user Select Any tag successfully 3" time="13.134">
<failure message="The following asserts failed:&#10;&#9;expected [true] but found [false],&#10;&#9;expected [true] but found [false]" type="java.lang.AssertionError"><![CDATA[Given user navigate to Login page...........................................passed
When type "abaashelmy@gmail.com" and "123123"...............................passed
And Click on Login button...................................................passed
Then user logged in successfully............................................passed
Given user Navigate to ant Category.........................................passed
When user Select nice.......................................................passed
Then nice Selected Successfully.............................................failed

StackTrace:
java.lang.AssertionError: The following asserts failed:
	expected [true] but found [false],
	expected [true] but found [false]
	at org.testng.asserts.SoftAssert.assertAll(SoftAssert.java:46)
	at org.testng.asserts.SoftAssert.assertAll(SoftAssert.java:30)
	at org.example.Steps.S08_SelectTags.CheckTagResult(S08_SelectTags.java:56)
	at ✽.nice Selected Successfully(file:///D:/Udacity/FinalNopEcommerceProject/demonopcommerce/src/main/resources/Features/F08_SelectTags.feature:13)
]]></failure>
</testcase>
<testcase classname="User Can Add Different Items To cart" name="adding Two Different Products to Shopping Cart" time="23.618">
<system-out><![CDATA[Given user navigate to Login page...........................................passed
When type "abaashelmy@gmail.com" and "123123"...............................passed
And Click on Login button...................................................passed
Then user logged in successfully............................................passed
Given navigate to cell phone page...........................................passed
When choose first item......................................................passed
And Click on add to cart to add first item and check alert message..........passed
And navigate to home page...................................................passed
And check  first item was added.............................................passed
And navigate to shoes page..................................................passed
And choose Seccond item.....................................................passed
And Seclect size of second item.............................................passed
And Select color of second item.............................................passed
And click on Add to cart button to Add second item and check alert message..passed
And navigate to home page again.............................................passed
And check the second Item Was Added.........................................passed
And navigate to shooping cart page..........................................passed
Then first and second item was addedd successfully..........................passed
]]></system-out>
</testcase>
<testcase classname="user can add item to wish list successfully" name="user Add first item to wish list and check alert message" time="12.085">
<system-out><![CDATA[Given user navigate to Login page...........................................passed
When type "abaashelmy@gmail.com" and "123123"...............................passed
And Click on Login button...................................................passed
Then user logged in successfully............................................passed
Given go to item page.......................................................passed
When click on add to wish list and check alert message......................passed
Then go back to home page...................................................passed
]]></system-out>
</testcase>
<testcase classname="user can add item to wish list successfully" name="user Add item to wish list and check Counter" time="14.638">
<system-out><![CDATA[Given user navigate to Login page...........................................passed
When type "abaashelmy@gmail.com" and "123123"...............................passed
And Click on Login button...................................................passed
Then user logged in successfully............................................passed
Given go to item page.......................................................passed
When click on add to wish list and check alert message......................passed
And go back to home page....................................................passed
And check counter of wishlist...............................................passed
And go to Wish List Page....................................................passed
Then Items Added successfully...............................................passed
]]></system-out>
</testcase>
<testcase classname="Adding an item to cart from WishList page" name="adding one item to cart from wishlist page" time="14.63">
<system-out><![CDATA[Given user navigate to Login page...........................................passed
When type "abaashelmy@gmail.com" and "123123"...............................passed
And Click on Login button...................................................passed
Given go to item page.......................................................passed
When click on add to wish list and check alert message......................passed
And go back to home page....................................................passed
And go to Wish List Page....................................................passed
Then Items Added successfully...............................................passed
Given fill check box........................................................passed
When press on button add to cart............................................passed
And Check navigation to cart page...........................................passed
Then check item is added to cart successfully...............................passed
]]></system-out>
</testcase>
<testcase classname="user can add any items to compare" name="user adding items to compare list" time="9.904">
<system-out><![CDATA[Given user navigate to Login page...........................................passed
When type "abaashelmy@gmail.com" and "123123"...............................passed
And Click on Login button...................................................passed
Then user logged in successfully............................................passed
Given user add First Item to compare list and check alert...................passed
When user add Second Item to compare list and check alert...................passed
And user navigate to compare list...........................................passed
Then items should be added successfully.....................................passed
]]></system-out>
</testcase>
<testcase classname="user complete His purchase successfully" name="user complete process to check out (Happy Scenario)" time="21.024">
<failure message="expected [true] but found [false]" type="java.lang.AssertionError"><![CDATA[Given user navigate to Login page...........................................passed
When type "abaashelmy@gmail.com" and "123123"...............................passed
And Click on Login button...................................................passed
And user logged in successfully.............................................passed
And navigate to cell phone page.............................................passed
And choose first item.......................................................passed
And Click on add to cart to add first item and check alert message..........passed
Then navigate to home page..................................................passed
Given user Navigate To shoppping cart.......................................passed
When user Choose Gift Graping...............................................passed
And fill check box of agreement.............................................passed
And press on Check Out......................................................passed
And Fill remaining mandatory fields.........................................passed
And Choose Shipping Method..................................................passed
And Press continue2.........................................................passed
And Choose Pyament Method...................................................passed
And press continue3.........................................................passed
And Check payment info url..................................................failed
And press continue4.........................................................skipped
And Check url confirmation and items to be order............................skipped
And press confirm...........................................................skipped
Then order should crated successfully.......................................skipped

StackTrace:
java.lang.AssertionError: expected [true] but found [false]
	at org.testng.Assert.fail(Assert.java:110)
	at org.testng.Assert.failNotEquals(Assert.java:1413)
	at org.testng.Assert.assertTrue(Assert.java:56)
	at org.testng.Assert.assertTrue(Assert.java:66)
	at org.example.Steps.S13_CreateSuccessfulOrder.CheckPAyinfo(S13_CreateSuccessfulOrder.java:89)
	at ✽.Check payment info url(file:///D:/Udacity/FinalNopEcommerceProject/demonopcommerce/src/main/resources/Features/F13_CreateSuccessfulOrder.feature:23)
]]></failure>
</testcase>
<testcase classname="user can open any link" name="opening Links (HappyScenario)" time="33.759">
<failure message="stale element reference: element is not attached to the page document&#10;  (Session info: chrome=103.0.5060.114)&#10;For documentation on this error, please visit: https://selenium.dev/exceptions/#stale_element_reference&#10;Build info: version: '4.3.0', revision: 'a4995e2c09*'&#10;System info: host: 'DESKTOP-7D1MDG2', ip: '192.168.1.13', os.name: 'Windows 11', os.arch: 'amd64', os.version: '10.0', java.version: '1.8.0_333'&#10;Driver info: org.openqa.selenium.chrome.ChromeDriver&#10;Command: [c931277151f66cb55ab336a9929d7ce4, getElementText {id=d1d34f55-4767-4fa1-a238-0899fbbaa65b}]&#10;Capabilities {acceptInsecureCerts: false, browserName: chrome, browserVersion: 103.0.5060.114, chrome: {chromedriverVersion: 103.0.5060.53 (a1711811edd7..., userDataDir: C:\Users\AHMEDN~1\AppData\L...}, goog:chromeOptions: {debuggerAddress: localhost:56701}, networkConnectionEnabled: false, pageLoadStrategy: normal, platformName: WINDOWS, proxy: Proxy(), se:cdp: ws://localhost:56701/devtoo..., se:cdpVersion: 103.0.5060.114, setWindowRect: true, strictFileInteractability: false, timeouts: {implicit: 0, pageLoad: 300000, script: 30000}, unhandledPromptBehavior: dismiss and notify, webauthn:extension:credBlob: true, webauthn:extension:largeBlob: true, webauthn:virtualAuthenticators: true}&#10;Element: [[[[ChromeDriver: chrome on WINDOWS (c931277151f66cb55ab336a9929d7ce4)] -&gt; class name: networks]] -&gt; tag name: li]&#10;Session ID: c931277151f66cb55ab336a9929d7ce4" type="org.openqa.selenium.StaleElementReferenceException"><![CDATA[Given user CLick on "https://www.facebook.com/nopCommerce" Link.............passed
When user CLick on "https://twitter.com/nopCommerce" Link2..................passed
And user CLick on "https://www.youtube.com/user/nopCommerce" Link3..........passed
Then user CLick on "https://demo.nopcommerce.com/new-online-store-is-open" Link4.failed

StackTrace:
org.openqa.selenium.StaleElementReferenceException: stale element reference: element is not attached to the page document
  (Session info: chrome=103.0.5060.114)
For documentation on this error, please visit: https://selenium.dev/exceptions/#stale_element_reference
Build info: version: '4.3.0', revision: 'a4995e2c09*'
System info: host: 'DESKTOP-7D1MDG2', ip: '192.168.1.13', os.name: 'Windows 11', os.arch: 'amd64', os.version: '10.0', java.version: '1.8.0_333'
Driver info: org.openqa.selenium.chrome.ChromeDriver
Command: [c931277151f66cb55ab336a9929d7ce4, getElementText {id=d1d34f55-4767-4fa1-a238-0899fbbaa65b}]
Capabilities {acceptInsecureCerts: false, browserName: chrome, browserVersion: 103.0.5060.114, chrome: {chromedriverVersion: 103.0.5060.53 (a1711811edd7..., userDataDir: C:\Users\AHMEDN~1\AppData\L...}, goog:chromeOptions: {debuggerAddress: localhost:56701}, networkConnectionEnabled: false, pageLoadStrategy: normal, platformName: WINDOWS, proxy: Proxy(), se:cdp: ws://localhost:56701/devtoo..., se:cdpVersion: 103.0.5060.114, setWindowRect: true, strictFileInteractability: false, timeouts: {implicit: 0, pageLoad: 300000, script: 30000}, unhandledPromptBehavior: dismiss and notify, webauthn:extension:credBlob: true, webauthn:extension:largeBlob: true, webauthn:virtualAuthenticators: true}
Element: [[[[ChromeDriver: chrome on WINDOWS (c931277151f66cb55ab336a9929d7ce4)] -> class name: networks]] -> tag name: li]
Session ID: c931277151f66cb55ab336a9929d7ce4
	at sun.reflect.NativeConstructorAccessorImpl.newInstance0(Native Method)
	at sun.reflect.NativeConstructorAccessorImpl.newInstance(NativeConstructorAccessorImpl.java:62)
	at sun.reflect.DelegatingConstructorAccessorImpl.newInstance(DelegatingConstructorAccessorImpl.java:45)
	at java.lang.reflect.Constructor.newInstance(Constructor.java:423)
	at org.openqa.selenium.remote.codec.w3c.W3CHttpResponseCodec.createException(W3CHttpResponseCodec.java:200)
	at org.openqa.selenium.remote.codec.w3c.W3CHttpResponseCodec.decode(W3CHttpResponseCodec.java:133)
	at org.openqa.selenium.remote.codec.w3c.W3CHttpResponseCodec.decode(W3CHttpResponseCodec.java:53)
	at org.openqa.selenium.remote.HttpCommandExecutor.execute(HttpCommandExecutor.java:184)
	at org.openqa.selenium.remote.service.DriverCommandExecutor.invokeExecute(DriverCommandExecutor.java:167)
	at org.openqa.selenium.remote.service.DriverCommandExecutor.execute(DriverCommandExecutor.java:142)
	at org.openqa.selenium.remote.RemoteWebDriver.execute(RemoteWebDriver.java:569)
	at org.openqa.selenium.remote.RemoteWebElement.execute(RemoteWebElement.java:257)
	at org.openqa.selenium.remote.RemoteWebElement.getText(RemoteWebElement.java:207)
	at org.example.Steps.S14_FollowUs.OpenRssLink(S14_FollowUs.java:90)
	at ✽.user CLick on "https://demo.nopcommerce.com/new-online-store-is-open" Link4(file:///D:/Udacity/FinalNopEcommerceProject/demonopcommerce/src/main/resources/Features/F14_FollowUs.feature:7)
]]></failure>
</testcase>
<testcase classname="Home Sliders Redirect to Specific pages" name="Navigate to Pages of first Sliders" time="6.412">
<failure message="expected [https://demo.nopcommerce.com/] but found [https://demo.nopcommerce.com/nokia-lumia-1020]" type="java.lang.AssertionError"><![CDATA[Given navigate to first slider Url..........................................passed
Then check the result of first url "https://demo.nopcommerce.com/nokia-lumia-1020".failed

StackTrace:
java.lang.AssertionError: expected [https://demo.nopcommerce.com/] but found [https://demo.nopcommerce.com/nokia-lumia-1020]
	at org.testng.Assert.fail(Assert.java:110)
	at org.testng.Assert.failNotEquals(Assert.java:1413)
	at org.testng.Assert.assertEqualsImpl(Assert.java:149)
	at org.testng.Assert.assertEquals(Assert.java:131)
	at org.testng.Assert.assertEquals(Assert.java:655)
	at org.testng.Assert.assertEquals(Assert.java:665)
	at org.example.Steps.S15_HomeSliders.CheckFirstUrl(S15_HomeSliders.java:29)
	at ✽.check the result of first url "https://demo.nopcommerce.com/nokia-lumia-1020"(file:///D:/Udacity/FinalNopEcommerceProject/demonopcommerce/src/main/resources/Features/F15_HomeSliders.feature:6)
]]></failure>
</testcase>
<testcase classname="Home Sliders Redirect to Specific pages" name="Navigate to Page of Second Sliders" time="13.135">
<failure message="Expected condition failed: waiting for visibility of [[ChromeDriver: chrome on WINDOWS (d4a81aa3d1728651a708a09f61c39e90)] -&gt; xpath: //*[@id=&quot;nivo-slider&quot;]/a[2]] (tried for 10 second(s) with 500 milliseconds interval)&#10;Build info: version: '4.3.0', revision: 'a4995e2c09*'&#10;System info: host: 'DESKTOP-7D1MDG2', ip: '192.168.1.13', os.name: 'Windows 11', os.arch: 'amd64', os.version: '10.0', java.version: '1.8.0_333'&#10;Driver info: org.openqa.selenium.chrome.ChromeDriver&#10;Capabilities {acceptInsecureCerts: false, browserName: chrome, browserVersion: 103.0.5060.114, chrome: {chromedriverVersion: 103.0.5060.53 (a1711811edd7..., userDataDir: C:\Users\AHMEDN~1\AppData\L...}, goog:chromeOptions: {debuggerAddress: localhost:56814}, networkConnectionEnabled: false, pageLoadStrategy: normal, platformName: WINDOWS, proxy: Proxy(), se:cdp: ws://localhost:56814/devtoo..., se:cdpVersion: 103.0.5060.114, setWindowRect: true, strictFileInteractability: false, timeouts: {implicit: 0, pageLoad: 300000, script: 30000}, unhandledPromptBehavior: dismiss and notify, webauthn:extension:credBlob: true, webauthn:extension:largeBlob: true, webauthn:virtualAuthenticators: true}&#10;Session ID: d4a81aa3d1728651a708a09f61c39e90" type="org.openqa.selenium.TimeoutException"><![CDATA[Given navigate to second url................................................failed
Then check the result of second url "https://demo.nopcommerce.com/iphone-6".skipped

StackTrace:
org.openqa.selenium.TimeoutException: Expected condition failed: waiting for visibility of [[ChromeDriver: chrome on WINDOWS (d4a81aa3d1728651a708a09f61c39e90)] -> xpath: //*[@id="nivo-slider"]/a[2]] (tried for 10 second(s) with 500 milliseconds interval)
Build info: version: '4.3.0', revision: 'a4995e2c09*'
System info: host: 'DESKTOP-7D1MDG2', ip: '192.168.1.13', os.name: 'Windows 11', os.arch: 'amd64', os.version: '10.0', java.version: '1.8.0_333'
Driver info: org.openqa.selenium.chrome.ChromeDriver
Capabilities {acceptInsecureCerts: false, browserName: chrome, browserVersion: 103.0.5060.114, chrome: {chromedriverVersion: 103.0.5060.53 (a1711811edd7..., userDataDir: C:\Users\AHMEDN~1\AppData\L...}, goog:chromeOptions: {debuggerAddress: localhost:56814}, networkConnectionEnabled: false, pageLoadStrategy: normal, platformName: WINDOWS, proxy: Proxy(), se:cdp: ws://localhost:56814/devtoo..., se:cdpVersion: 103.0.5060.114, setWindowRect: true, strictFileInteractability: false, timeouts: {implicit: 0, pageLoad: 300000, script: 30000}, unhandledPromptBehavior: dismiss and notify, webauthn:extension:credBlob: true, webauthn:extension:largeBlob: true, webauthn:virtualAuthenticators: true}
Session ID: d4a81aa3d1728651a708a09f61c39e90
	at org.openqa.selenium.support.ui.WebDriverWait.timeoutException(WebDriverWait.java:87)
	at org.openqa.selenium.support.ui.FluentWait.until(FluentWait.java:231)
	at org.example.Steps.S15_HomeSliders.ClickOnSecondSlider(S15_HomeSliders.java:36)
	at ✽.navigate to second url(file:///D:/Udacity/FinalNopEcommerceProject/demonopcommerce/src/main/resources/Features/F15_HomeSliders.feature:10)
]]></failure>
</testcase>
</testsuite>
