<?xml version="1.0" encoding="UTF-8"?>
<!-- Generated by org.testng.reporters.JUnitReportReporter -->
<testsuite skipped="0" hostname="DESKTOP-7D1MDG2" name="org.example.TestRunner.Runner" tests="25" failures="1" timestamp="2022-07-18T23:07:36 EET" time="337.396" errors="1">
  <testcase name="runScenario" time="13.839" classname="org.example.TestRunner.Runner"/>
  <system-out/>
  <testcase name="runScenario" time="14.356" classname="org.example.TestRunner.Runner"/>
  <system-out/>
  <testcase name="runScenario" time="14.919" classname="org.example.TestRunner.Runner"/>
  <system-out/>
  <testcase name="runScenario" time="8.778" classname="org.example.TestRunner.Runner"/>
  <system-out/>
  <testcase name="runScenario" time="5.096" classname="org.example.TestRunner.Runner"/>
  <system-out/>
  <testcase name="runScenario" time="11.443" classname="org.example.TestRunner.Runner"/>
  <system-out/>
  <testcase name="runScenario" time="15.419" classname="org.example.TestRunner.Runner"/>
  <system-out/>
  <testcase name="runScenario" time="4.895" classname="org.example.TestRunner.Runner"/>
  <system-out/>
  <testcase name="runScenario" time="8.954" classname="org.example.TestRunner.Runner"/>
  <system-out/>
  <testcase name="runScenario" time="34.377" classname="org.example.TestRunner.Runner">
    <error type="org.openqa.selenium.StaleElementReferenceException" message="stale element reference: element is not attached to the page document
  (Session info: chrome=103.0.5060.114)
For documentation on this error, please visit: https://selenium.dev/exceptions/#stale_element_reference
Build info: version: &#039;4.3.0&#039;, revision: &#039;a4995e2c09*&#039;
System info: host: &#039;DESKTOP-7D1MDG2&#039;, ip: &#039;192.168.1.13&#039;, os.name: &#039;Windows 11&#039;, os.arch: &#039;amd64&#039;, os.version: &#039;10.0&#039;, java.version: &#039;1.8.0_333&#039;
Driver info: org.openqa.selenium.chrome.ChromeDriver
Command: [1276a64e6ae9e523c98ff526a39c1a4f, getElementText {id=8e16bd9f-274d-4e8f-8847-dd5e48a4409e}]
Capabilities {acceptInsecureCerts: false, browserName: chrome, browserVersion: 103.0.5060.114, chrome: {chromedriverVersion: 103.0.5060.53 (a1711811edd7..., userDataDir: C:\Users\AHMEDN~1\AppData\L...}, goog:chromeOptions: {debuggerAddress: localhost:52963}, networkConnectionEnabled: false, pageLoadStrategy: normal, platformName: WINDOWS, proxy: Proxy(), se:cdp: ws://localhost:52963/devtoo..., se:cdpVersion: 103.0.5060.114, setWindowRect: true, strictFileInteractability: false, timeouts: {implicit: 0, pageLoad: 300000, script: 30000}, unhandledPromptBehavior: dismiss and notify, webauthn:extension:credBlob: true, webauthn:extension:largeBlob: true, webauthn:virtualAuthenticators: true}
Element: [[[[ChromeDriver: chrome on WINDOWS (1276a64e6ae9e523c98ff526a39c1a4f)] -&gt; class name: networks]] -&gt; tag name: li]
Session ID: 1276a64e6ae9e523c98ff526a39c1a4f">
      <![CDATA[org.openqa.selenium.StaleElementReferenceException: stale element reference: element is not attached to the page document
  (Session info: chrome=103.0.5060.114)
For documentation on this error, please visit: https://selenium.dev/exceptions/#stale_element_reference
Build info: version: '4.3.0', revision: 'a4995e2c09*'
System info: host: 'DESKTOP-7D1MDG2', ip: '192.168.1.13', os.name: 'Windows 11', os.arch: 'amd64', os.version: '10.0', java.version: '1.8.0_333'
Driver info: org.openqa.selenium.chrome.ChromeDriver
Command: [1276a64e6ae9e523c98ff526a39c1a4f, getElementText {id=8e16bd9f-274d-4e8f-8847-dd5e48a4409e}]
Capabilities {acceptInsecureCerts: false, browserName: chrome, browserVersion: 103.0.5060.114, chrome: {chromedriverVersion: 103.0.5060.53 (a1711811edd7..., userDataDir: C:\Users\AHMEDN~1\AppData\L...}, goog:chromeOptions: {debuggerAddress: localhost:52963}, networkConnectionEnabled: false, pageLoadStrategy: normal, platformName: WINDOWS, proxy: Proxy(), se:cdp: ws://localhost:52963/devtoo..., se:cdpVersion: 103.0.5060.114, setWindowRect: true, strictFileInteractability: false, timeouts: {implicit: 0, pageLoad: 300000, script: 30000}, unhandledPromptBehavior: dismiss and notify, webauthn:extension:credBlob: true, webauthn:extension:largeBlob: true, webauthn:virtualAuthenticators: true}
Element: [[[[ChromeDriver: chrome on WINDOWS (1276a64e6ae9e523c98ff526a39c1a4f)] -> class name: networks]] -> tag name: li]
Session ID: 1276a64e6ae9e523c98ff526a39c1a4f
at sun.reflect.NativeConstructorAccessorImpl.newInstance0(Native Method)
at sun.reflect.NativeConstructorAccessorImpl.newInstance(NativeConstructorAccessorImpl.java:62)
at sun.reflect.DelegatingConstructorAccessorImpl.newInstance(DelegatingConstructorAccessorImpl.java:45)
at java.lang.reflect.Constructor.newInstance(Constructor.java:423)
at org.openqa.selenium.remote.codec.w3c.W3CHttpResponseCodec.createException(W3CHttpResponseCodec.java:200)
at org.openqa.selenium.remote.codec.w3c.W3CHttpResponseCodec.decode(W3CHttpResponseCodec.java:133)
at org.openqa.selenium.remote.codec.w3c.W3CHttpResponseCodec.decode(W3CHttpResponseCodec.java:53)
at org.openqa.selenium.remote.HttpCommandExecutor.execute(HttpCommandExecutor.java:184)
at org.openqa.selenium.remote.service.DriverCommandExecutor.invokeExecute(DriverCommandExecutor.java:167)
at org.openqa.selenium.remote.service.DriverCommandExecutor.execute(DriverCommandExecutor.java:142)
at org.openqa.selenium.remote.RemoteWebDriver.execute(RemoteWebDriver.java:569)
at org.openqa.selenium.remote.RemoteWebElement.execute(RemoteWebElement.java:257)
at org.openqa.selenium.remote.RemoteWebElement.getText(RemoteWebElement.java:207)
at org.example.Steps.S14_FollowUs.OpenRssLink(S14_FollowUs.java:87)
at ✽.user CLick on "https://demo.nopcommerce.com/new-online-store-is-open" Link4(file:///D:/Udacity/FinalNopEcommerceProject/demonopcommerce/src/main/resources/Features/F14_FollowUs.feature:7)
]]>
    </error>
  </testcase> <!-- runScenario -->
  <system-out/>
  <testcase name="runScenario" time="13.321" classname="org.example.TestRunner.Runner"/>
  <system-out/>
  <testcase name="runScenario" time="24.393" classname="org.example.TestRunner.Runner">
    <failure type="java.lang.AssertionError" message="The following asserts failed:
	expected [true] but found [false],
	expected [true] but found [false]">
      <![CDATA[java.lang.AssertionError: The following asserts failed:
expected [true] but found [false],
expected [true] but found [false]
at org.testng.asserts.SoftAssert.assertAll(SoftAssert.java:46)
at org.testng.asserts.SoftAssert.assertAll(SoftAssert.java:30)
at org.example.Steps.S13_CreateSuccessfulOrder.CheckCOmpleteOrder(S13_CreateSuccessfulOrder.java:127)
at ✽.order should crated successfully(file:///D:/Udacity/FinalNopEcommerceProject/demonopcommerce/src/main/resources/Features/F13_CreateSuccessfulOrder.feature:27)
]]>
    </failure>
  </testcase> <!-- runScenario -->
  <system-out/>
  <testcase name="runScenario" time="6.708" classname="org.example.TestRunner.Runner"/>
  <system-out/>
  <testcase name="runScenario" time="13.308" classname="org.example.TestRunner.Runner"/>
  <system-out/>
  <testcase name="runScenario" time="18.616" classname="org.example.TestRunner.Runner"/>
  <system-out/>
  <testcase name="runScenario" time="11.405" classname="org.example.TestRunner.Runner"/>
  <system-out/>
  <testcase name="runScenario" time="19.219" classname="org.example.TestRunner.Runner"/>
  <system-out/>
  <testcase name="runScenario" time="13.303" classname="org.example.TestRunner.Runner"/>
  <system-out/>
  <testcase name="runScenario" time="10.927" classname="org.example.TestRunner.Runner"/>
  <system-out/>
  <testcase name="runScenario" time="8.613" classname="org.example.TestRunner.Runner"/>
  <system-out/>
  <testcase name="runScenario" time="6.392" classname="org.example.TestRunner.Runner"/>
  <system-out/>
  <testcase name="runScenario" time="6.359" classname="org.example.TestRunner.Runner"/>
  <system-out/>
  <testcase name="runScenario" time="13.723" classname="org.example.TestRunner.Runner"/>
  <system-out/>
  <testcase name="runScenario" time="25.662" classname="org.example.TestRunner.Runner"/>
  <system-out/>
  <testcase name="runScenario" time="13.371" classname="org.example.TestRunner.Runner"/>
  <system-out/>
</testsuite> <!-- org.example.TestRunner.Runner -->
